#
# A fatal error has been detected by the Java Runtime Environment:
#
#  EXCEPTION_ILLEGAL_INSTRUCTION (0xc000001d) at pc=0x0000000023b0688c, pid=3276, tid=3788
#
# JRE version: 6.0_17-b04
# Java VM: Java HotSpot(TM) 64-Bit Server VM (14.3-b01 mixed mode windows-amd64 )
# Problematic frame:
# J  javax.swing.text.html.CSS.styleConstantsKeyToCSSKey(Ljavax/swing/text/StyleConstants;)Ljavax/swing/text/html/CSS$Attribute;
#
# If you would like to submit a bug report, please visit:
#   http://java.sun.com/webapps/bugreport/crash.jsp
#

---------------  T H R E A D  ---------------

Current thread (0x0000000050dce000):  JavaThread "AWT-EventQueue-0" [_thread_in_Java, id=3788, stack(0x00000000ac000000,0x00000000b0000000)]

siginfo: ExceptionCode=0xc000001d

Registers:
EAX=0x0000000000000000, EBX=0x0000000000000000, ECX=0x0000000000000000, EDX=0x0000000000000014
ESP=0x00000000afffeac0, EBP=0x00000000afffeb40, ESI=0x000000000000003d, EDI=0x00000000379991c0
EIP=0x0000000023b0688c, EFLAGS=0x0000000000010246

Top of Stack: (sp=0x00000000afffeac0)
0x00000000afffeac0:   000000002ec92950 000000002f3d6310
0x00000000afffead0:   00000000afffeb40 00000000235f5969
0x00000000afffeae0:   0000000000000001 00000000235f5969
0x00000000afffeaf0:   000000002f3d5b08 0000000037999198
0x00000000afffeb00:   00000000afffeb00 0000000027a3041a
0x00000000afffeb10:   00000000afffeb70 0000000027a33a80
0x00000000afffeb20:   0000000000000000 0000000027a30440
0x00000000afffeb30:   00000000afffeaf0 00000000afffeb60
0x00000000afffeb40:   00000000afffebb8 00000000235f5969
0x00000000afffeb50:   0000000000000000 0000000000000000
0x00000000afffeb60:   0000000026754de0 000000002f3d5b08
0x00000000afffeb70:   0000000037999198 00000000afffeb78
0x00000000afffeb80:   0000000027a26b4b 00000000afffebf8
0x00000000afffeb90:   0000000027a29fd0 0000000000000000
0x00000000afffeba0:   0000000027a26b80 00000000afffeb60
0x00000000afffebb0:   00000000afffebe0 00000000afffec48 

Instructions: (pc=0x0000000023b0688c)
0x0000000023b0687c:   08 49 bb f0 80 a3 27 00 00 00 00 4d 3b d3 75 10
0x0000000023b0688c:   48 82 c4 10 5d 85 05 69 97 30 e4 c3 33 c0 eb f0 


Stack: [0x00000000ac000000,0x00000000b0000000],  sp=0x00000000afffeac0,  free space=65530k
Native frames: (J=compiled Java code, j=interpreted, Vv=VM code, C=native code)
J  javax.swing.text.html.CSS.styleConstantsKeyToCSSKey(Ljavax/swing/text/StyleConstants;)Ljavax/swing/text/html/CSS$Attribute;
j  javax.swing.text.html.StyleSheet.addAttribute(Ljavax/swing/text/AttributeSet;Ljava/lang/Object;Ljava/lang/Object;)Ljavax/swing/text/AttributeSet;+67
j  javax.swing.text.StyleContext$NamedStyle.addAttribute(Ljava/lang/Object;Ljava/lang/Object;)V+13
j  javax.swing.text.StyleContext$NamedStyle.setName(Ljava/lang/String;)V+9
j  javax.swing.text.StyleContext$NamedStyle.<init>(Ljavax/swing/text/StyleContext;Ljava/lang/String;Ljavax/swing/text/Style;)V+39
j  javax.swing.text.StyleContext.addStyle(Ljava/lang/String;Ljavax/swing/text/Style;)Ljavax/swing/text/Style;+7
j  javax.swing.text.StyleContext.<init>()V+71
j  javax.swing.text.html.StyleSheet.<init>()V+1
j  javax.swing.plaf.basic.BasicHTML$BasicEditorKit.createDefaultDocument(Ljava/awt/Font;Ljava/awt/Color;)Ljavax/swing/text/Document;+9
j  javax.swing.plaf.basic.BasicHTML.createHTMLView(Ljavax/swing/JComponent;Ljava/lang/String;)Ljavax/swing/text/View;+13
j  javax.swing.plaf.basic.BasicHTML.updateRenderer(Ljavax/swing/JComponent;Ljava/lang/String;)V+40
j  javax.swing.plaf.basic.BasicLabelUI.propertyChange(Ljava/beans/PropertyChangeEvent;)V+40


---------------  P R O C E S S  ---------------

Java Threads: ( => current thread )
  0x0000000050976000 JavaThread "FileDecorationCache request queue" daemon [_thread_blocked, id=2900, stack(0x00000000cc000000,0x00000000d0000000)]
  0x0000000050dd7000 JavaThread "Code Analyzer updating thread" [_thread_blocked, id=2000, stack(0x0000000118000000,0x000000011c000000)]
  0x0000000050dd5000 JavaThread "Browser Events Thread" daemon [_thread_blocked, id=2344, stack(0x000000012c000000,0x0000000130000000)]
  0x0000000050ddb000 JavaThread "Main message loop" daemon [_thread_in_native, id=2260, stack(0x00000000c8000000,0x00000000cc000000)]
  0x0000000050dd1800 JavaThread "Code Analyzer updating thread" [_thread_blocked, id=2988, stack(0x000000016c030000,0x0000000170030000)]
  0x0000000050dd3800 JavaThread "Active Reference Queue Daemon" daemon [_thread_blocked, id=4608, stack(0x0000000168030000,0x000000016c030000)]
  0x0000000050dd8000 JavaThread "Timer-2" daemon [_thread_blocked, id=2436, stack(0x0000000164030000,0x0000000168030000)]
  0x0000000050dd9800 JavaThread "Prefs Updater" daemon [_thread_blocked, id=4036, stack(0x0000000108000000,0x000000010c000000)]
  0x0000000050ddb800 JavaThread "Foxtrot Single Worker Thread #1" daemon [_thread_blocked, id=2636, stack(0x00000000f4000000,0x00000000f8000000)]
  0x0000000050ddc000 JavaThread "Timer-1" daemon [_thread_blocked, id=532, stack(0x0000000110000000,0x0000000114000000)]
  0x0000000050dd8800 JavaThread "com.jniwrapper.NativeResourceCollector" daemon [_thread_blocked, id=4744, stack(0x0000000104000000,0x0000000108000000)]
  0x0000000050dd6800 JavaThread "Swing-Shell" daemon [_thread_blocked, id=444, stack(0x0000000100000000,0x0000000104000000)]
  0x0000000050dd5800 JavaThread "ClipboardMonitor Timer" daemon [_thread_blocked, id=4080, stack(0x00000000f8000000,0x00000000fc000000)]
  0x0000000050dd4800 JavaThread "Explorer NavigationContext request queue" daemon [_thread_blocked, id=3732, stack(0x00000000f0000000,0x00000000f4000000)]
  0x0000000050dd3000 JavaThread "AddressBar directory emptiness poller" daemon [_thread_blocked, id=3052, stack(0x00000000e0000000,0x00000000e4000000)]
  0x0000000050dd0000 JavaThread "Explorer Refresh Service 906335855" daemon [_thread_blocked, id=3936, stack(0x00000000dc000000,0x00000000e0000000)]
  0x0000000050dd2000 JavaThread "Thread-4" daemon [_thread_blocked, id=4064, stack(0x00000000d8000000,0x00000000dc000000)]
  0x0000000050dcf000 JavaThread "TimerQueue" daemon [_thread_blocked, id=796, stack(0x00000000c0000000,0x00000000c4000000)]
  0x0000000050dce800 JavaThread "Thread-3" daemon [_thread_blocked, id=3660, stack(0x00000000b0000000,0x00000000b4000000)]
=>0x0000000050dce000 JavaThread "AWT-EventQueue-0" [_thread_in_Java, id=3788, stack(0x00000000ac000000,0x00000000b0000000)]
  0x0000000050dcd000 JavaThread "AWT-Shutdown" [_thread_blocked, id=3416, stack(0x000000009c000000,0x00000000a0000000)]
  0x0000000050c06800 JavaThread "FelixPackageAdmin" daemon [_thread_blocked, id=2152, stack(0x00000000bc000000,0x00000000c0000000)]
  0x0000000050809000 JavaThread "FelixStartLevel" daemon [_thread_blocked, id=1020, stack(0x00000000b8000000,0x00000000bc000000)]
  0x0000000050808800 JavaThread "FelixDispatchQueue" daemon [_thread_blocked, id=508, stack(0x00000000b4000000,0x00000000b8000000)]
  0x000000003ecc8800 JavaThread "com.google.common.base.internal.Finalizer" daemon [_thread_blocked, id=3248, stack(0x00000000a8000000,0x00000000ac000000)]
  0x000000003ecc7000 JavaThread "AWT-Windows" daemon [_thread_in_native, id=2792, stack(0x00000000a0000000,0x00000000a4000000)]
  0x000000003eb1f000 JavaThread "Java2D Disposer" daemon [_thread_blocked, id=4336, stack(0x0000000098000000,0x000000009c000000)]
  0x0000000050394800 JavaThread "Timer-0" [_thread_blocked, id=3980, stack(0x0000000094000000,0x0000000098000000)]
  0x00000000502e9000 JavaThread "EventMgr Dispatcher" daemon [_thread_in_native, id=2596, stack(0x0000000090000000,0x0000000094000000)]
  0x000000003eb7c000 JavaThread "Low Memory Detector" daemon [_thread_blocked, id=2468, stack(0x0000000088000000,0x000000008c000000)]
  0x000000003eb75800 JavaThread "CompilerThread1" daemon [_thread_blocked, id=4600, stack(0x0000000084000000,0x0000000088000000)]
  0x000000003eb71800 JavaThread "CompilerThread0" daemon [_thread_blocked, id=4364, stack(0x0000000080000000,0x0000000084000000)]
  0x000000003eb6b800 JavaThread "Attach Listener" daemon [_thread_blocked, id=1860, stack(0x0000000067f60000,0x000000006bf60000)]
  0x000000003eb0b000 JavaThread "Finalizer" daemon [_thread_blocked, id=5096, stack(0x0000000063f60000,0x0000000067f60000)]
  0x000000003eb0a800 JavaThread "Reference Handler" daemon [_thread_blocked, id=2808, stack(0x000000005ff60000,0x0000000063f60000)]
  0x0000000006456000 JavaThread "main" [_thread_in_native, id=1456, stack(0x0000000000030000,0x0000000004030000)]

Other Threads:
  0x000000003eb07000 VMThread [stack: 0x000000005bf60000,0x000000005ff60000] [id=3464]
  0x000000003ebad000 WatcherThread [stack: 0x000000008c000000,0x0000000090000000] [id=3844]

VM state:not at safepoint (normal execution)

VM Mutex/Monitor currently owned by a thread: None

Heap
 PSYoungGen      total 11136K, used 2157K [0x00000000378f0000, 0x0000000038990000, 0x000000003a9f0000)
  eden space 9984K, 10% used [0x00000000378f0000,0x00000000379ebe40,0x00000000382b0000)
  from space 1152K, 99% used [0x00000000382d0000,0x00000000383ef948,0x00000000383f0000)
  to   space 3520K, 0% used [0x0000000038620000,0x0000000038620000,0x0000000038990000)
 PSOldGen        total 72896K, used 71788K [0x000000002e5f0000, 0x0000000032d20000, 0x00000000378f0000)
  object space 72896K, 98% used [0x000000002e5f0000,0x0000000032c0b218,0x0000000032d20000)
 PSPermGen       total 98048K, used 77215K [0x00000000265f0000, 0x000000002c5b0000, 0x000000002e5f0000)
  object space 98048K, 78% used [0x00000000265f0000,0x000000002b157d30,0x000000002c5b0000)

Dynamic libraries:
0x0000000140000000 - 0x0000000140028000 	C:\Program Files\MATLAB\R2013a\bin\win64\MATLAB.exe
0x0000000077520000 - 0x00000000776ca000 	C:\Windows\SYSTEM32\ntdll.dll
0x0000000077400000 - 0x000000007751f000 	C:\Windows\system32\kernel32.dll
0x000007fefd2d0000 - 0x000007fefd33a000 	C:\Windows\system32\KERNELBASE.dll
0x0000000074460000 - 0x0000000074515000 	C:\Program Files\MATLAB\R2013a\bin\win64\libut.dll
0x00000000758a0000 - 0x000000007595f000 	C:\Program Files\MATLAB\R2013a\bin\win64\libmwi18n.dll
0x0000000180000000 - 0x000000018000d000 	C:\Program Files\MATLAB\R2013a\bin\win64\libmwresource_core.dll
0x0000000057ec0000 - 0x0000000057f58000 	C:\Program Files\MATLAB\R2013a\bin\win64\MSVCP100.dll
0x0000000056300000 - 0x00000000563d2000 	C:\Program Files\MATLAB\R2013a\bin\win64\MSVCR100.dll
0x0000000057df0000 - 0x0000000057dfe000 	C:\Program Files\MATLAB\R2013a\bin\win64\boost_date_time-vc100-mt-1_49.dll
0x0000000056a30000 - 0x0000000056a5c000 	C:\Program Files\MATLAB\R2013a\bin\win64\boost_filesystem-vc100-mt-1_49.dll
0x0000000057de0000 - 0x0000000057de9000 	C:\Program Files\MATLAB\R2013a\bin\win64\boost_system-vc100-mt-1_49.dll
0x000007fefdaa0000 - 0x000007fefdb7b000 	C:\Windows\system32\ADVAPI32.dll
0x000007fefeb50000 - 0x000007fefebef000 	C:\Windows\system32\msvcrt.dll
0x000007feff810000 - 0x000007feff82f000 	C:\Windows\SYSTEM32\sechost.dll
0x000007feff6e0000 - 0x000007feff80d000 	C:\Windows\system32\RPCRT4.dll
0x0000000056a00000 - 0x0000000056a25000 	C:\Program Files\MATLAB\R2013a\bin\win64\LIBEXPAT.dll
0x0000000056170000 - 0x00000000562fa000 	C:\Program Files\MATLAB\R2013a\bin\win64\icuin49.dll
0x0000000056030000 - 0x000000005616e000 	C:\Program Files\MATLAB\R2013a\bin\win64\icuuc49.dll
0x00000000522b0000 - 0x00000000533d2000 	C:\Program Files\MATLAB\R2013a\bin\win64\icudt49.dll
0x00000000569f0000 - 0x0000000056a00000 	C:\Program Files\MATLAB\R2013a\bin\win64\icuio49.dll
0x0000000073f70000 - 0x0000000074112000 	C:\Program Files\MATLAB\R2013a\bin\win64\libmwfl.dll
0x000000007a350000 - 0x000000007a737000 	C:\Program Files\MATLAB\R2013a\bin\win64\libmwMATLAB_res.dll
0x0000000055f50000 - 0x000000005602f000 	C:\Program Files\MATLAB\R2013a\bin\win64\boost_regex-vc100-mt-1_49.dll
0x0000000077300000 - 0x00000000773fa000 	C:\Windows\system32\USER32.dll
0x000007feff0d0000 - 0x000007feff137000 	C:\Windows\system32\GDI32.dll
0x000007feff6d0000 - 0x000007feff6de000 	C:\Windows\system32\LPK.dll
0x000007fefd660000 - 0x000007fefd72a000 	C:\Windows\system32\USP10.dll
0x0000000056990000 - 0x00000000569a1000 	C:\Program Files\MATLAB\R2013a\bin\win64\boost_signals-vc100-mt-1_49.dll
0x0000000055f30000 - 0x0000000055f41000 	C:\Program Files\MATLAB\R2013a\bin\win64\boost_thread-vc100-mt-1_49.dll
0x000007feea250000 - 0x000007feea2dc000 	C:\Program Files\MATLAB\R2013a\bin\win64\boost_log-vc100-mt-1_49.dll
0x00000000776f0000 - 0x00000000776f7000 	C:\Windows\system32\PSAPI.DLL
0x000007feff050000 - 0x000007feff09d000 	C:\Windows\system32\WS2_32.dll
0x000007feff490000 - 0x000007feff498000 	C:\Windows\system32\NSI.dll
0x000007feece50000 - 0x000007feece83000 	C:\Program Files\MATLAB\R2013a\bin\win64\tbb.dll
0x000007feff6b0000 - 0x000007feff6c9000 	C:\Windows\system32\imagehlp.dll
0x000007fefc410000 - 0x000007fefc43c000 	C:\Windows\system32\POWRPROF.dll
0x000007fefdb80000 - 0x000007fefdd57000 	C:\Windows\system32\SETUPAPI.dll
0x000007fefd450000 - 0x000007fefd486000 	C:\Windows\system32\CFGMGR32.dll
0x000007fefd730000 - 0x000007fefd808000 	C:\Windows\system32\OLEAUT32.dll
0x000007feff4a0000 - 0x000007feff6a3000 	C:\Windows\system32\ole32.dll
0x000007fefd640000 - 0x000007fefd65a000 	C:\Windows\system32\DEVOBJ.dll
0x0000000004200000 - 0x0000000004221000 	C:\Program Files\MATLAB\R2013a\bin\win64\libmwmfl_scalar.dll
0x000007fef7b90000 - 0x000007fef7cb5000 	C:\Windows\system32\dbghelp.dll
0x0000000004230000 - 0x000000000455f000 	C:\Program Files\MATLAB\R2013a\bin\win64\libmwservices.dll
0x0000000075a20000 - 0x0000000075b0b000 	C:\Program Files\MATLAB\R2013a\bin\win64\libmx.dll
0x000007fef1bc0000 - 0x000007fef1be8000 	C:\Program Files\MATLAB\R2013a\bin\win64\tbbmalloc.dll
0x0000000055f10000 - 0x0000000055f27000 	C:\Program Files\MATLAB\R2013a\bin\win64\zlib1.dll
0x0000000004560000 - 0x00000000045ae000 	C:\Program Files\MATLAB\R2013a\bin\win64\libmwregexp.dll
0x0000000075f10000 - 0x0000000075f57000 	C:\Program Files\MATLAB\R2013a\bin\win64\mpath.dll
0x000000007b680000 - 0x000000007bc66000 	C:\Program Files\MATLAB\R2013a\bin\win64\mlutil.dll
0x00000000754d0000 - 0x0000000075547000 	C:\Program Files\MATLAB\R2013a\bin\win64\xmlcore.dll
0x0000000052060000 - 0x00000000522a1000 	C:\Program Files\MATLAB\R2013a\bin\win64\xerces-c_2_7.dll
0x00000000045c0000 - 0x00000000045e2000 	C:\Program Files\MATLAB\R2013a\bin\win64\libmwMATLAB_settings_res.dll
0x000007fef9cb0000 - 0x000007fef9cc0000 	C:\Program Files\MATLAB\R2013a\bin\win64\boost_iostreams-vc100-mt-1_49.dll
0x000007feea510000 - 0x000007feea556000 	C:\Program Files\MATLAB\R2013a\bin\win64\boost_serialization-vc100-mt-1_49.dll
0x000007fefddc0000 - 0x000007fefeb4a000 	C:\Windows\system32\SHELL32.dll
0x000007feff410000 - 0x000007feff481000 	C:\Windows\system32\SHLWAPI.dll
0x00000000045f0000 - 0x00000000045f6000 	C:\Program Files\MATLAB\R2013a\bin\win64\libmwnativedisplay.dll
0x000007fef6140000 - 0x000007fef61e0000 	C:\Windows\WinSxS\amd64_microsoft.windows.common-controls_6595b64144ccf1df_5.82.7601.18837_none_a4d981ff711297b6\COMCTL32.dll
0x000007feff2d0000 - 0x000007feff367000 	C:\Windows\system32\COMDLG32.dll
0x000007fefb1a0000 - 0x000007fefb1b6000 	C:\Windows\system32\NETAPI32.dll
0x000007fefb190000 - 0x000007fefb19c000 	C:\Windows\system32\netutils.dll
0x000007fefce00000 - 0x000007fefce23000 	C:\Windows\system32\srvcli.dll
0x000007fefb170000 - 0x000007fefb185000 	C:\Windows\system32\wkscli.dll
0x0000000074970000 - 0x0000000074a18000 	C:\Program Files\MATLAB\R2013a\bin\win64\mcr.dll
0x0000000075000000 - 0x00000000753b1000 	C:\Program Files\MATLAB\R2013a\bin\win64\iqm.dll
0x0000000074e80000 - 0x0000000074f30000 	C:\Program Files\MATLAB\R2013a\bin\win64\m_dispatcher.dll
0x0000000004600000 - 0x0000000004e08000 	C:\Program Files\MATLAB\R2013a\bin\win64\m_interpreter.dll
0x0000000004e10000 - 0x0000000004e34000 	C:\Program Files\MATLAB\R2013a\bin\win64\libmex.dll
0x0000000075430000 - 0x00000000754ab000 	C:\Program Files\MATLAB\R2013a\bin\win64\profiler.dll
0x0000000004e40000 - 0x00000000050c3000 	C:\Program Files\MATLAB\R2013a\bin\win64\libmwmathutil.dll
0x0000000079f40000 - 0x0000000079f66000 	C:\Program Files\MATLAB\R2013a\bin\win64\libmwmathrng.dll
0x00000000050d0000 - 0x00000000050e0000 	C:\Program Files\MATLAB\R2013a\bin\win64\libmwmfl_rng.dll
0x0000000074c10000 - 0x0000000074cf8000 	C:\Program Files\MATLAB\R2013a\bin\win64\libmwmathcore.dll
0x0000000076160000 - 0x00000000761c3000 	C:\Program Files\MATLAB\R2013a\bin\win64\libmwspmatrix.dll
0x000000007b0a0000 - 0x000000007b2f6000 	C:\Program Files\MATLAB\R2013a\bin\win64\mcos.dll
0x0000000075ea0000 - 0x0000000075f02000 	C:\Program Files\MATLAB\R2013a\bin\win64\libmwcholmod.dll
0x00000000050f0000 - 0x00000000050fd000 	C:\Program Files\MATLAB\R2013a\bin\win64\libmwamd.dll
0x0000000051fb0000 - 0x0000000052053000 	C:\Windows\WinSxS\amd64_microsoft.vc90.crt_1fc8b3b9a1e18e3b_9.0.30729.6161_none_08e61857a83bc251\MSVCR90.dll
0x0000000005110000 - 0x000000000511c000 	C:\Program Files\MATLAB\R2013a\bin\win64\libmwcolamd.dll
0x000000007a290000 - 0x000000007a2a3000 	C:\Program Files\MATLAB\R2013a\bin\win64\libmwblas.dll
0x000000007a310000 - 0x000000007a325000 	C:\Program Files\MATLAB\R2013a\bin\win64\libmwbinder.dll
0x0000000005130000 - 0x000000000513b000 	C:\Program Files\MATLAB\R2013a\bin\win64\libmwompwrapper.dll
0x0000000075820000 - 0x000000007589e000 	C:\Program Files\MATLAB\R2013a\bin\win64\libmwlapack.dll
0x000000007a1b0000 - 0x000000007a1d0000 	C:\Program Files\MATLAB\R2013a\bin\win64\m_pcodeio.dll
0x0000000079b10000 - 0x0000000079b6c000 	C:\Program Files\MATLAB\R2013a\bin\win64\m_ir.dll
0x0000000078ed0000 - 0x0000000079579000 	C:\Program Files\MATLAB\R2013a\bin\win64\m_parser.dll
0x000000007a2f0000 - 0x000000007a307000 	C:\Program Files\MATLAB\R2013a\bin\win64\ir_xfmr.dll
0x0000000005140000 - 0x0000000005150000 	C:\Program Files\MATLAB\R2013a\bin\win64\mtok.dll
0x000000007a130000 - 0x000000007a158000 	C:\Program Files\MATLAB\R2013a\bin\win64\m_pcodegen.dll
0x0000000079fb0000 - 0x0000000079fdf000 	C:\Program Files\MATLAB\R2013a\bin\win64\libmwbridge.dll
0x0000000074f40000 - 0x0000000074ff6000 	C:\Program Files\MATLAB\R2013a\bin\win64\udd.dll
0x0000000073cc0000 - 0x0000000073e0e000 	C:\Program Files\MATLAB\R2013a\bin\win64\libmwgui.dll
0x000000007a1d0000 - 0x000000007a1f4000 	C:\Program Files\MATLAB\R2013a\bin\win64\graphics_util.dll
0x000007fede070000 - 0x000007fede128000 	C:\Program Files\MATLAB\R2013a\bin\win64\libtex_base.dll
0x0000000005150000 - 0x0000000005a93000 	C:\Program Files\MATLAB\R2013a\bin\win64\hg.dll
0x0000000076100000 - 0x000000007615a000 	C:\Program Files\MATLAB\R2013a\bin\win64\libmat.dll
0x0000000072d30000 - 0x0000000072f38000 	C:\Program Files\MATLAB\R2013a\bin\win64\hdf5dll.dll
0x0000000075710000 - 0x00000000757d8000 	C:\Program Files\MATLAB\R2013a\bin\win64\jmi.dll
0x0000000005ab0000 - 0x0000000005abe000 	C:\Program Files\MATLAB\R2013a\bin\win64\nativejava_services.dll
0x0000000005ac0000 - 0x0000000005b00000 	C:\Program Files\MATLAB\R2013a\bin\win64\libmwhardcopy.dll
0x0000000075c70000 - 0x0000000075cce000 	C:\Program Files\MATLAB\R2013a\bin\win64\libuij.dll
0x0000000072f50000 - 0x000000007318f000 	C:\Program Files\MATLAB\R2013a\bin\win64\hgdatatypes.dll
0x0000000005b00000 - 0x0000000005beb000 	C:\Program Files\MATLAB\R2013a\bin\win64\hgutils.dll
0x0000000005bf0000 - 0x0000000005c9e000 	C:\Program Files\MATLAB\R2013a\bin\win64\udd_mi.dll
0x0000000005ca0000 - 0x0000000005cd6000 	C:\Program Files\MATLAB\R2013a\bin\win64\libmwgbtutils.dll
0x0000000005ce0000 - 0x0000000005cf4000 	C:\Program Files\MATLAB\R2013a\bin\win64\libmwgbt.dll
0x0000000005d00000 - 0x0000000005fce000 	C:\Program Files\MATLAB\R2013a\bin\win64\uiw.dll
0x0000000005fd0000 - 0x0000000005fd9000 	C:\Program Files\MATLAB\R2013a\bin\win64\uinone.dll
0x0000000005fe0000 - 0x0000000006006000 	C:\Program Files\MATLAB\R2013a\bin\win64\libmwnativefiledialogs.dll
0x0000000006010000 - 0x000000000601c000 	C:\Program Files\MATLAB\R2013a\bin\win64\libmwplatform_res.dll
0x000007fef1960000 - 0x000007fef1978000 	C:\Windows\system32\MPR.dll
0x0000000051a50000 - 0x0000000051fad000 	C:\Program Files\MATLAB\R2013a\bin\win64\mfc100.dll
0x000007feea5b0000 - 0x000007feea5b7000 	C:\Windows\system32\MSIMG32.dll
0x000007fef1190000 - 0x000007fef1201000 	C:\Windows\system32\WINSPOOL.DRV
0x0000000006020000 - 0x000000000603d000 	C:\Program Files\MATLAB\R2013a\bin\win64\mwoles05.DLL
0x0000000006040000 - 0x00000000060ac000 	C:\Program Files\MATLAB\R2013a\bin\win64\comcli.dll
0x0000000055ee0000 - 0x0000000055f0b000 	C:\Program Files\MATLAB\R2013a\bin\win64\ATL100.DLL
0x00000000060b0000 - 0x00000000060bc000 	C:\Program Files\MATLAB\R2013a\bin\win64\mlautoregister.dll
0x00000000060c0000 - 0x0000000006216000 	C:\Program Files\MATLAB\R2013a\bin\win64\mvm.dll
0x000007feff0a0000 - 0x000007feff0ce000 	C:\Windows\system32\IMM32.DLL
0x000007feff1c0000 - 0x000007feff2c9000 	C:\Windows\system32\MSCTF.dll
0x000007fefbab0000 - 0x000007fefbb06000 	C:\Windows\system32\UxTheme.dll
0x000007fefc330000 - 0x000007fefc348000 	C:\Windows\system32\dwmapi.dll
0x00000000569e0000 - 0x00000000569ed000 	C:\Program Files\MATLAB\R2013a\bin\win64\MFC100ENU.DLL
0x0000000006260000 - 0x00000000062ae000 	C:\Program Files\MATLAB\R2013a\bin\win64\MVMLocal.dll
0x0000000078870000 - 0x0000000078ecd000 	C:\Program Files\MATLAB\R2013a\sys\java\jre\win64\jre\bin\server\jvm.dll

VM Arguments:
jvm_args: -XX:PermSize=32m -Xms64m -XX:NewRatio=3 -XX:MaxPermSize=128m -Xmx196m -XX:MaxDirectMemorySize=2147400000 -Dsun.java2d.noddraw=true -Dsun.awt.nopixfmt=true -Xshare:off -Xrs -Dsun.awt.disableMixing=true -Djava.library.path=C:\Program Files\MATLAB\R2013a\bin\win64;C:\Program Files\MATLAB\R2013a\sys\jxbrowser\win64\lib;C:\Xilinx\14.2\ISE_DS\ISE\sysgen\bin;C:\Xilinx\14.2\ISE_DS\ISE\sysgen\bin\nt64 vfprintf abort -XX:ParallelGCThreads=6 
java_command: <unknown>
Launcher Type: generic

Environment Variables:
PATH=C:\Program Files (x86)\NVIDIA Corporation\PhysX\Common;C:\Program Files (x86)\AMD APP\bin\x86_64;C:\Program Files (x86)\AMD APP\bin\x86;C:\Windows\system32;C:\Windows;C:\Windows\System32\Wbem;C:\Windows\System32\WindowsPowerShell\v1.0\;C:\Program Files (x86)\ATI Technologies\ATI.ACE\Core-Static;C:\Program Files (x86)\Windows Kits\8.1\Windows Performance Toolkit\;C:\Program Files\Microsoft SQL Server\110\Tools\Binn\;C:\Program Files (x86)\Microsoft SDKs\TypeScript\1.0\;C:\Program Files\Microsoft SQL Server\120\Tools\Binn\;C:\Program Files\MATLAB\R2013a\runtime\win64;C:\Program Files\MATLAB\R2013a\bin;C:\Program Files (x86)\AMD\ATI.ACE\Core-Static
USERNAME=Reza
OS=Windows_NT
PROCESSOR_IDENTIFIER=Intel64 Family 6 Model 30 Stepping 5, GenuineIntel



---------------  S Y S T E M  ---------------

OS: Windows 7 Build 7601 Service Pack 1

CPU:total 8 (8 cores per cpu, 2 threads per core) family 6 model 30 stepping 5, cmov, cx8, fxsr, mmx, sse, sse2, sse3, ssse3, sse4.1, sse4.2, ht

Memory: 4k page, physical 10476600k(6525048k free), swap 20951344k(17108696k free)

vm_info: Java HotSpot(TM) 64-Bit Server VM (14.3-b01) for windows-amd64 JRE (1.6.0_17-b04), built on Oct 11 2009 00:46:08 by "java_re" with MS VC++ 8.0

time: Sat Oct 15 22:41:54 2016
elapsed time: 661 seconds

